<?xml version="1.0" encoding="UTF-8" ?>
<testsuite tests="14" failures="0" name="nlp4j.w3c.NodeMatcherTestCase" time="0.067" errors="0" skipped="0">
  <properties>
[...]
</properties>
  <testcase classname="nlp4j.w3c.NodeMatcherTestCase" name="testMatch001" time="0"/>
  <testcase classname="nlp4j.w3c.NodeMatcherTestCase" name="testMatch002" time="0"/>
  <testcase classname="nlp4j.w3c.NodeMatcherTestCase" name="testGetHitNodes002" time="0.008"/>
  <testcase classname="nlp4j.w3c.NodeMatcherTestCase" name="testGetHitNodes005" time="0.005"/>
  <testcase classname="nlp4j.w3c.NodeMatcherTestCase" name="testGetHitNodes000f2" time="0"/>
  <testcase classname="nlp4j.w3c.NodeMatcherTestCase" name="testGetHitNodes101" time="0.013"/>
  <testcase classname="nlp4j.w3c.NodeMatcherTestCase" name="testGetHitNodes100" time="0.008"/>
  <testcase classname="nlp4j.w3c.NodeMatcherTestCase" name="testGetHitNodes001" time="0.003"/>
  <testcase classname="nlp4j.w3c.NodeMatcherTestCase" name="testGetHitNodes003" time="0.007"/>
  <testcase classname="nlp4j.w3c.NodeMatcherTestCase" name="testGetHitNodes006" time="0.002"/>
  <testcase classname="nlp4j.w3c.NodeMatcherTestCase" name="testMatchAsSingleNode001" time="0.005"/>
  <testcase classname="nlp4j.w3c.NodeMatcherTestCase" name="testGetHitNodes004" time="0.008"/>
  <testcase classname="nlp4j.w3c.NodeMatcherTestCase" name="testGetHitNodes000g" time="0.008"/>
  <testcase classname="nlp4j.w3c.NodeMatcherTestCase" name="testGetHitNodes000f" time="0"/>
</testsuite>